2023-09-20 10:43:44.922 [info] Extension host with pid 569 started
2023-09-20 10:43:44.951 [error] Error: EEXIST: file already exists, open '/root/.vscode-server/data/User/workspaceStorage/3463d00e729bf52c42c27fd72a81b62b/vscode.lock'
2023-09-20 10:43:45.000 [info] Lock '/root/.vscode-server/data/User/workspaceStorage/3463d00e729bf52c42c27fd72a81b62b/vscode.lock': Could not acquire lock, checking if the file is stale.
2023-09-20 10:43:45.031 [info] Lock '/root/.vscode-server/data/User/workspaceStorage/3463d00e729bf52c42c27fd72a81b62b/vscode.lock': The pid 700 appears to be gone.
2023-09-20 10:43:45.031 [info] Lock '/root/.vscode-server/data/User/workspaceStorage/3463d00e729bf52c42c27fd72a81b62b/vscode.lock': Deleting a stale lock.
2023-09-20 10:43:45.160 [info] Lock '/root/.vscode-server/data/User/workspaceStorage/3463d00e729bf52c42c27fd72a81b62b/vscode.lock': Lock acquired.
2023-09-20 10:43:45.224 [info] ExtensionService#_doActivateExtension vscode.git-base, startup: true, activationEvent: '*', root cause: vscode.git
2023-09-20 10:43:45.601 [info] ExtensionService#_doActivateExtension vscode.git, startup: true, activationEvent: '*'
2023-09-20 10:43:45.604 [info] ExtensionService#_doActivateExtension vscode.github, startup: true, activationEvent: '*'
2023-09-20 10:43:46.580 [info] ExtensionService#_doActivateExtension vscode.debug-auto-launch, startup: false, activationEvent: 'onStartupFinished'
2023-09-20 10:43:46.585 [info] ExtensionService#_doActivateExtension vscode.emmet, startup: false, activationEvent: 'onStartupFinished'
2023-09-20 10:43:46.589 [info] ExtensionService#_doActivateExtension vscode.merge-conflict, startup: false, activationEvent: 'onStartupFinished'
2023-09-20 10:43:46.592 [info] Eager extensions activated
2023-09-20 12:19:02.415 [error] Error: Client network socket disconnected before secure TLS connection was established
	at connResetException (node:internal/errors:691:14)
	at TLSSocket.onConnectEnd (node:_tls_wrap:1585:19)
	at TLSSocket.emit (node:events:538:35)
	at endReadableNT (node:internal/streams/readable:1345:12)
	at processTicksAndRejections (node:internal/process/task_queues:83:21)
2023-09-20 12:47:15.831 [warning] [Decorations] CAPPING events from decorations provider vscode.git 2000
