2023-09-20 10:43:48.146 [info] git에서 찾은 git 유효성을 검사하는 중
2023-09-20 10:43:48.146 [info] git에서 git 2.7.4을(를) 사용하는 중
2023-09-20 10:43:48.147 [info] > git rev-parse --show-toplevel [102ms]
2023-09-20 10:43:48.147 [info] fatal: Not a git repository (or any of the parent directories): .git
2023-09-20 10:43:48.147 [info] > git rev-parse --show-toplevel [20ms]
2023-09-20 10:43:48.147 [info] fatal: Not a git repository (or any of the parent directories): .git
2023-09-20 10:43:48.147 [info] > git rev-parse --show-toplevel [78ms]
2023-09-20 10:43:48.147 [info] > git rev-parse --git-dir --git-common-dir [54ms]
2023-09-20 10:43:48.147 [info] 로그 수준: Info
2023-09-20 10:43:48.147 [info] Open repository: /root/pintos-kaist
2023-09-20 10:43:48.147 [info] > git status -z -uall [59ms]
2023-09-20 10:43:48.147 [info] > git remote --verbose [76ms]
2023-09-20 10:43:48.148 [info] > git for-each-ref --sort -committerdate --format %(refname) %(objectname) %(*objectname) [97ms]
2023-09-20 10:43:48.148 [info] > git config --get commit.template [48ms]
2023-09-20 10:43:48.148 [info] > git rev-parse --show-toplevel [95ms]
2023-09-20 10:43:48.148 [info] > git rev-parse --show-toplevel [31ms]
2023-09-20 10:43:48.148 [info] > git for-each-ref --format=%(refname)%00%(upstream:short)%00%(objectname)%00%(upstream:track) refs/heads/master refs/remotes/master [36ms]
2023-09-20 10:43:48.148 [info] > git rev-parse --show-toplevel [144ms]
2023-09-20 10:43:48.148 [info] fatal: Not a git repository (or any of the parent directories): .git
2023-09-20 10:43:48.148 [info] > git status -z -uall [236ms]
2023-09-20 10:43:48.148 [info] > git rev-parse --show-toplevel [184ms]
2023-09-20 10:43:48.148 [info] fatal: Not a git repository (or any of the parent directories): .git
2023-09-20 10:43:48.148 [info] > git config --get commit.template [229ms]
2023-09-20 10:43:48.148 [info] > git remote --verbose [270ms]
2023-09-20 10:43:48.148 [info] > git for-each-ref --sort -committerdate --format %(refname) %(objectname) %(*objectname) [283ms]
2023-09-20 10:43:48.148 [info] > git rev-parse --show-toplevel [26ms]
2023-09-20 10:43:48.148 [info] fatal: Not a git repository (or any of the parent directories): .git
2023-09-20 10:43:48.148 [info] > git rev-parse --show-toplevel [22ms]
2023-09-20 10:43:48.148 [info] fatal: Not a git repository (or any of the parent directories): .git
2023-09-20 10:43:48.148 [info] > git for-each-ref --format=%(refname)%00%(upstream:short)%00%(objectname)%00%(upstream:track) refs/heads/master refs/remotes/master [45ms]
2023-09-20 10:43:48.148 [info] > git rev-parse --show-toplevel [49ms]
2023-09-20 10:43:48.148 [info] fatal: Not a git repository (or any of the parent directories): .git
2023-09-20 10:43:48.148 [info] > git rev-parse --show-toplevel [32ms]
2023-09-20 10:43:48.148 [info] fatal: Not a git repository (or any of the parent directories): .git
2023-09-20 10:43:48.566 [info] > git show --textconv :threads/thread.c [123ms]
2023-09-20 10:43:48.566 [info] > git show --textconv :devices/timer.c [106ms]
2023-09-20 10:43:48.567 [info] > git show --textconv :include/lib/kernel/list.h [90ms]
2023-09-20 10:43:48.579 [info] > git ls-files --stage -- /root/pintos-kaist/include/lib/kernel/list.h [43ms]
2023-09-20 10:43:48.594 [info] > git ls-files --stage -- /root/pintos-kaist/devices/timer.c [80ms]
2023-09-20 10:43:48.609 [info] > git ls-files --stage -- /root/pintos-kaist/threads/thread.c [109ms]
2023-09-20 10:43:48.635 [info] > git check-ignore -v -z --stdin [82ms]
2023-09-20 10:43:48.656 [info] > git cat-file -s 796f5a856c7a3476cfbe7cc7bb7dc88a2b526d4f [42ms]
2023-09-20 10:43:48.662 [info] > git cat-file -s 92628c5972d60697e634d1f9eb43ab27c7cca0ff [72ms]
2023-09-20 10:43:48.666 [info] > git cat-file -s 5ce83504347913ac3a08e22c325c9707c4801c45 [49ms]
2023-09-20 10:45:38.882 [info] > git check-ignore -v -z --stdin [36ms]
2023-09-20 10:52:20.629 [info] > git check-ignore -v -z --stdin [36ms]
2023-09-20 10:59:50.876 [info] > git remote --verbose [38ms]
2023-09-20 10:59:50.882 [info] > git for-each-ref --sort -committerdate --format %(refname) %(objectname) %(*objectname) [85ms]
2023-09-20 10:59:50.895 [info] > git status -z -uall [74ms]
2023-09-20 10:59:50.906 [info] > git config --get commit.template [61ms]
2023-09-20 10:59:50.954 [info] > git for-each-ref --format=%(refname)%00%(upstream:short)%00%(objectname)%00%(upstream:track) refs/heads/master refs/remotes/master [30ms]
2023-09-20 10:59:56.204 [info] > git for-each-ref --sort -committerdate --format %(refname) %(objectname) %(*objectname) [57ms]
2023-09-20 10:59:56.206 [info] > git remote --verbose [53ms]
2023-09-20 10:59:56.212 [info] > git config --get commit.template [31ms]
2023-09-20 10:59:56.215 [info] > git status -z -uall [50ms]
2023-09-20 10:59:56.226 [info] > git for-each-ref --format=%(refname)%00%(upstream:short)%00%(objectname)%00%(upstream:track) refs/heads/master refs/remotes/master [33ms]
2023-09-20 11:00:16.845 [info] > git rev-parse --show-toplevel [26ms]
2023-09-20 11:00:16.845 [info] fatal: Not a git repository (or any of the parent directories): .git
2023-09-20 11:00:16.901 [info] > git rev-parse --show-toplevel [19ms]
2023-09-20 11:00:16.901 [info] fatal: Not a git repository (or any of the parent directories): .git
2023-09-20 11:00:17.108 [info] > git show --textconv :lib/kernel/list.c [49ms]
2023-09-20 11:00:17.125 [info] > git ls-files --stage -- /root/pintos-kaist/lib/kernel/list.c [48ms]
2023-09-20 11:00:17.163 [info] > git cat-file -s e8ff3b9ef7d0457f9abb19d36ccb149edb9e33f5 [25ms]
2023-09-20 11:00:17.537 [info] > git check-ignore -v -z --stdin [46ms]
2023-09-20 11:01:02.989 [info] > git check-ignore -v -z --stdin [23ms]
2023-09-20 11:01:23.499 [info] > git for-each-ref --sort -committerdate --format %(refname) %(objectname) %(*objectname) [45ms]
2023-09-20 11:01:23.506 [info] > git remote --verbose [72ms]
2023-09-20 11:01:23.512 [info] > git status -z -uall [69ms]
2023-09-20 11:01:23.523 [info] > git config --get commit.template [54ms]
2023-09-20 11:01:23.568 [info] > git for-each-ref --format=%(refname)%00%(upstream:short)%00%(objectname)%00%(upstream:track) refs/heads/master refs/remotes/master [32ms]
2023-09-20 11:33:38.145 [info] > git for-each-ref --sort -committerdate --format %(refname) %(objectname) %(*objectname) [53ms]
2023-09-20 11:33:38.159 [info] > git status -z -uall [74ms]
2023-09-20 11:33:38.165 [info] > git config --get commit.template [54ms]
2023-09-20 11:33:38.172 [info] > git remote --verbose [103ms]
2023-09-20 11:33:38.227 [info] > git for-each-ref --format=%(refname)%00%(upstream:short)%00%(objectname)%00%(upstream:track) refs/heads/master refs/remotes/master [31ms]
2023-09-20 11:40:06.218 [info] > git rev-parse --show-toplevel [19ms]
2023-09-20 11:40:06.219 [info] fatal: Not a git repository (or any of the parent directories): .git
2023-09-20 11:40:06.303 [info] > git rev-parse --show-toplevel [17ms]
2023-09-20 11:40:06.303 [info] fatal: Not a git repository (or any of the parent directories): .git
2023-09-20 11:40:06.544 [info] > git rev-parse --show-toplevel [16ms]
2023-09-20 11:40:06.544 [info] fatal: Not a git repository (or any of the parent directories): .git
2023-09-20 11:40:07.781 [info] > git rev-parse --show-toplevel [25ms]
2023-09-20 11:40:07.781 [info] fatal: Not a git repository (or any of the parent directories): .git
2023-09-20 11:40:07.814 [info] > git rev-parse --show-toplevel [18ms]
2023-09-20 11:40:07.814 [info] fatal: Not a git repository (or any of the parent directories): .git
2023-09-20 11:40:08.043 [info] > git show --textconv :include/devices/timer.h [54ms]
2023-09-20 11:40:08.050 [info] > git ls-files --stage -- /root/pintos-kaist/include/devices/timer.h [34ms]
2023-09-20 11:40:08.070 [info] > git rev-parse --show-toplevel [28ms]
2023-09-20 11:40:08.070 [info] fatal: Not a git repository (or any of the parent directories): .git
2023-09-20 11:40:08.091 [info] > git cat-file -s 45a3f72e1127cd02f97b79d995277bec67a0812f [27ms]
2023-09-20 11:40:09.886 [info] > git rev-parse --show-toplevel [21ms]
2023-09-20 11:40:09.886 [info] fatal: Not a git repository (or any of the parent directories): .git
2023-09-20 11:40:09.919 [info] > git rev-parse --show-toplevel [18ms]
2023-09-20 11:40:09.919 [info] fatal: Not a git repository (or any of the parent directories): .git
2023-09-20 11:40:10.051 [info] > git show --textconv :include/lib/kernel/list.h [40ms]
2023-09-20 11:40:10.053 [info] > git ls-files --stage -- /root/pintos-kaist/include/lib/kernel/list.h [28ms]
2023-09-20 11:40:10.100 [info] > git cat-file -s 92628c5972d60697e634d1f9eb43ab27c7cca0ff [29ms]
2023-09-20 11:40:10.158 [info] > git rev-parse --show-toplevel [17ms]
2023-09-20 11:40:10.158 [info] fatal: Not a git repository (or any of the parent directories): .git
2023-09-20 12:08:53.066 [info] > git check-ignore -v -z --stdin [26ms]
2023-09-20 12:08:53.892 [info] > git check-ignore -v -z --stdin [44ms]
2023-09-20 12:08:55.477 [info] > git show --textconv :include/threads/thread.h [42ms]
2023-09-20 12:08:55.516 [info] > git ls-files --stage -- /root/pintos-kaist/include/threads/thread.h [28ms]
2023-09-20 12:08:55.559 [info] > git cat-file -s 33b46e6f06fcff0d483392ac608ff680d8d2678d [26ms]
2023-09-20 12:09:12.282 [info] > git rev-parse --show-toplevel [24ms]
2023-09-20 12:09:12.282 [info] fatal: Not a git repository (or any of the parent directories): .git
2023-09-20 12:18:34.257 [info] > git show --textconv :threads/thread.c [37ms]
2023-09-20 12:18:34.296 [info] > git ls-files --stage -- /root/pintos-kaist/threads/thread.c [35ms]
2023-09-20 12:18:34.334 [info] > git cat-file -s 5ce83504347913ac3a08e22c325c9707c4801c45 [24ms]
2023-09-20 12:18:59.901 [info] > git rev-parse --show-toplevel [23ms]
2023-09-20 12:18:59.902 [info] fatal: Not a git repository (or any of the parent directories): .git
2023-09-20 12:19:21.103 [info] > git show --textconv :threads/thread.c [48ms]
2023-09-20 12:19:21.126 [info] > git ls-files --stage -- /root/pintos-kaist/threads/thread.c [32ms]
2023-09-20 12:19:21.166 [info] > git cat-file -s 5ce83504347913ac3a08e22c325c9707c4801c45 [26ms]
2023-09-20 12:19:28.001 [info] > git rev-parse --show-toplevel [21ms]
2023-09-20 12:19:28.002 [info] fatal: Not a git repository (or any of the parent directories): .git
2023-09-20 12:19:29.650 [info] > git show --textconv :threads/thread.c [41ms]
2023-09-20 12:19:29.653 [info] > git ls-files --stage -- /root/pintos-kaist/threads/thread.c [28ms]
2023-09-20 12:19:29.689 [info] > git cat-file -s 5ce83504347913ac3a08e22c325c9707c4801c45 [26ms]
2023-09-20 12:19:36.623 [info] > git remote --verbose [37ms]
2023-09-20 12:19:36.629 [info] > git for-each-ref --sort -committerdate --format %(refname) %(objectname) %(*objectname) [67ms]
2023-09-20 12:19:36.641 [info] > git status -z -uall [58ms]
2023-09-20 12:19:36.648 [info] > git config --get commit.template [43ms]
2023-09-20 12:19:36.694 [info] > git for-each-ref --format=%(refname)%00%(upstream:short)%00%(objectname)%00%(upstream:track) refs/heads/master refs/remotes/master [31ms]
2023-09-20 12:20:05.498 [info] > git rev-parse --show-toplevel [20ms]
2023-09-20 12:20:05.498 [info] fatal: Not a git repository (or any of the parent directories): .git
2023-09-20 12:20:10.854 [info] > git show --textconv :threads/thread.c [47ms]
2023-09-20 12:20:10.876 [info] > git ls-files --stage -- /root/pintos-kaist/threads/thread.c [40ms]
2023-09-20 12:20:10.912 [info] > git cat-file -s 5ce83504347913ac3a08e22c325c9707c4801c45 [24ms]
2023-09-20 12:20:19.336 [info] > git rev-parse --show-toplevel [18ms]
2023-09-20 12:20:19.338 [info] fatal: Not a git repository (or any of the parent directories): .git
2023-09-20 12:20:23.645 [info] > git show --textconv :threads/thread.c [49ms]
2023-09-20 12:20:23.657 [info] > git ls-files --stage -- /root/pintos-kaist/threads/thread.c [32ms]
2023-09-20 12:20:23.696 [info] > git cat-file -s 5ce83504347913ac3a08e22c325c9707c4801c45 [27ms]
2023-09-20 12:20:35.034 [info] > git remote --verbose [38ms]
2023-09-20 12:20:35.038 [info] > git for-each-ref --sort -committerdate --format %(refname) %(objectname) %(*objectname) [68ms]
2023-09-20 12:20:35.046 [info] > git status -z -uall [54ms]
2023-09-20 12:20:35.050 [info] > git config --get commit.template [33ms]
2023-09-20 12:20:35.103 [info] > git for-each-ref --format=%(refname)%00%(upstream:short)%00%(objectname)%00%(upstream:track) refs/heads/master refs/remotes/master [31ms]
2023-09-20 12:21:13.072 [info] > git show --textconv :include/threads/thread.h [48ms]
2023-09-20 12:21:13.108 [info] > git ls-files --stage -- /root/pintos-kaist/include/threads/thread.h [35ms]
2023-09-20 12:21:13.154 [info] > git cat-file -s 33b46e6f06fcff0d483392ac608ff680d8d2678d [30ms]
2023-09-20 12:22:13.376 [info] > git show --textconv :threads/thread.c [43ms]
2023-09-20 12:22:13.396 [info] > git ls-files --stage -- /root/pintos-kaist/threads/thread.c [28ms]
2023-09-20 12:22:13.433 [info] > git cat-file -s 5ce83504347913ac3a08e22c325c9707c4801c45 [25ms]
2023-09-20 12:22:25.719 [info] > git show --textconv :devices/timer.c [39ms]
2023-09-20 12:22:25.734 [info] > git ls-files --stage -- /root/pintos-kaist/devices/timer.c [27ms]
2023-09-20 12:22:25.771 [info] > git cat-file -s 796f5a856c7a3476cfbe7cc7bb7dc88a2b526d4f [25ms]
2023-09-20 12:22:56.087 [info] > git remote --verbose [56ms]
2023-09-20 12:22:56.092 [info] > git for-each-ref --sort -committerdate --format %(refname) %(objectname) %(*objectname) [95ms]
2023-09-20 12:22:56.101 [info] > git status -z -uall [76ms]
2023-09-20 12:22:56.108 [info] > git config --get commit.template [40ms]
2023-09-20 12:22:56.163 [info] > git for-each-ref --format=%(refname)%00%(upstream:short)%00%(objectname)%00%(upstream:track) refs/heads/master refs/remotes/master [32ms]
2023-09-20 12:23:20.547 [info] > git remote --verbose [41ms]
2023-09-20 12:23:20.550 [info] > git for-each-ref --sort -committerdate --format %(refname) %(objectname) %(*objectname) [72ms]
2023-09-20 12:23:20.555 [info] > git status -z -uall [50ms]
2023-09-20 12:23:20.561 [info] > git config --get commit.template [31ms]
2023-09-20 12:23:20.605 [info] > git for-each-ref --format=%(refname)%00%(upstream:short)%00%(objectname)%00%(upstream:track) refs/heads/master refs/remotes/master [31ms]
2023-09-20 12:23:21.690 [info] > git rev-parse --show-toplevel [19ms]
2023-09-20 12:23:21.690 [info] fatal: Not a git repository (or any of the parent directories): .git
2023-09-20 12:43:14.444 [info] > git remote --verbose [49ms]
2023-09-20 12:43:14.450 [info] > git for-each-ref --sort -committerdate --format %(refname) %(objectname) %(*objectname) [89ms]
2023-09-20 12:43:14.463 [info] > git status -z -uall [79ms]
2023-09-20 12:43:14.468 [info] > git config --get commit.template [52ms]
2023-09-20 12:43:14.524 [info] > git for-each-ref --format=%(refname)%00%(upstream:short)%00%(objectname)%00%(upstream:track) refs/heads/master refs/remotes/master [32ms]
2023-09-20 12:47:15.451 [info] > git rev-parse --show-toplevel [20ms]
2023-09-20 12:47:15.487 [info] > git rev-parse --git-dir --git-common-dir [19ms]
2023-09-20 12:47:15.551 [info] 로그 수준: Info
2023-09-20 12:47:15.551 [info] Open repository: /root
2023-09-20 12:47:15.621 [info] > git remote --verbose [45ms]
2023-09-20 12:47:15.623 [info] > git for-each-ref --sort -committerdate --format %(refname) %(objectname) %(*objectname) [57ms]
2023-09-20 12:47:15.662 [info] > git config --get commit.template [40ms]
2023-09-20 12:47:15.674 [info] > git for-each-ref --format=%(refname)%00%(upstream:short)%00%(objectname)%00%(upstream:track) refs/heads/master refs/remotes/master [25ms]
2023-09-20 12:47:15.699 [info] > git status -z -uall [110ms]
2023-09-20 12:47:17.299 [info] > git show --textconv :solution/solution1.diff [26ms]
2023-09-20 12:47:17.341 [info] > git ls-files --stage -- /root/solution/solution1.diff [39ms]
2023-09-20 12:47:17.566 [info] > git check-ignore -v -z --stdin [29ms]
2023-09-20 12:47:17.587 [info] > git check-ignore -v -z --stdin [31ms]
