2023-09-17 07:54:28.524 [info] git에서 찾은 git 유효성을 검사하는 중
2023-09-17 07:54:28.525 [info] git에서 git 2.7.4을(를) 사용하는 중
2023-09-17 07:54:28.525 [info] > git rev-parse --show-toplevel [43ms]
2023-09-17 07:54:28.525 [info] fatal: Not a git repository (or any of the parent directories): .git
2023-09-17 07:54:28.525 [info] > git rev-parse --show-toplevel [19ms]
2023-09-17 07:54:28.525 [info] fatal: Not a git repository (or any of the parent directories): .git
2023-09-17 07:54:28.525 [info] > git rev-parse --show-toplevel [25ms]
2023-09-17 07:54:28.525 [info] fatal: Not a git repository (or any of the parent directories): .git
2023-09-17 07:54:28.525 [info] > git rev-parse --show-toplevel [45ms]
2023-09-17 07:54:28.540 [info] > git rev-parse --git-dir --git-common-dir [25ms]
2023-09-17 07:54:28.584 [info] 로그 수준: Info
2023-09-17 07:54:28.585 [info] Open repository: /root/pintos-kaist
2023-09-17 07:54:28.717 [info] > git remote --verbose [102ms]
2023-09-17 07:54:28.728 [info] > git for-each-ref --sort -committerdate --format %(refname) %(objectname) %(*objectname) [124ms]
2023-09-17 07:54:28.748 [info] > git status -z -uall [129ms]
2023-09-17 07:54:28.757 [info] > git config --get commit.template [74ms]
2023-09-17 07:54:28.774 [info] > git rev-parse --show-toplevel [133ms]
2023-09-17 07:54:28.774 [info] fatal: Not a git repository (or any of the parent directories): .git
2023-09-17 07:54:29.059 [info] > git for-each-ref --format=%(refname)%00%(upstream:short)%00%(objectname)%00%(upstream:track) refs/heads/master refs/remotes/master [205ms]
2023-09-17 07:54:29.193 [info] > git remote --verbose [43ms]
2023-09-17 07:54:29.196 [info] > git for-each-ref --sort -committerdate --format %(refname) %(objectname) %(*objectname) [64ms]
2023-09-17 07:54:29.314 [info] > git status -z -uall [160ms]
2023-09-17 07:54:29.318 [info] > git config --get commit.template [136ms]
2023-09-17 07:54:29.375 [info] > git for-each-ref --format=%(refname)%00%(upstream:short)%00%(objectname)%00%(upstream:track) refs/heads/master refs/remotes/master [39ms]
2023-09-17 07:54:29.889 [info] > git check-ignore -v -z --stdin [24ms]
2023-09-17 07:54:31.470 [info] > git check-ignore -v -z --stdin [53ms]
2023-09-17 07:54:43.531 [info] > git check-ignore -v -z --stdin [42ms]
2023-09-17 07:54:49.507 [info] > git rev-parse --show-toplevel [47ms]
2023-09-17 07:54:49.507 [info] fatal: Not a git repository (or any of the parent directories): .git
2023-09-17 07:55:21.683 [info] > git check-ignore -v -z --stdin [34ms]
2023-09-17 07:55:28.085 [info] > git rev-parse --show-toplevel [64ms]
2023-09-17 07:55:28.086 [info] fatal: Not a git repository (or any of the parent directories): .git
2023-09-17 07:55:28.168 [info] > git show --textconv :threads/thread.c [38ms]
2023-09-17 07:55:28.177 [info] > git ls-files --stage -- /root/pintos-kaist/threads/thread.c [28ms]
2023-09-17 07:55:28.224 [info] > git cat-file -s 5ce83504347913ac3a08e22c325c9707c4801c45 [30ms]
2023-09-17 07:55:55.976 [info] > git check-ignore -v -z --stdin [33ms]
2023-09-17 07:56:02.351 [info] > git rev-parse --show-toplevel [22ms]
2023-09-17 07:56:02.351 [info] fatal: Not a git repository (or any of the parent directories): .git
2023-09-17 07:56:02.616 [info] > git show --textconv :devices/timer.c [36ms]
2023-09-17 07:56:02.632 [info] > git ls-files --stage -- /root/pintos-kaist/devices/timer.c [26ms]
2023-09-17 07:56:02.668 [info] > git cat-file -s 796f5a856c7a3476cfbe7cc7bb7dc88a2b526d4f [24ms]
2023-09-17 08:09:22.208 [info] > git check-ignore -v -z --stdin [22ms]
2023-09-17 08:09:25.595 [info] > git check-ignore -v -z --stdin [37ms]
2023-09-17 08:09:31.004 [info] > git rev-parse --show-toplevel [40ms]
2023-09-17 08:09:31.004 [info] fatal: Not a git repository (or any of the parent directories): .git
2023-09-17 08:09:31.106 [info] > git show --textconv :lib/kernel/list.c [37ms]
2023-09-17 08:09:31.114 [info] > git ls-files --stage -- /root/pintos-kaist/lib/kernel/list.c [29ms]
2023-09-17 08:09:31.153 [info] > git cat-file -s e8ff3b9ef7d0457f9abb19d36ccb149edb9e33f5 [24ms]
2023-09-17 08:31:24.626 [info] > git check-ignore -v -z --stdin [23ms]
2023-09-17 08:31:25.499 [info] > git check-ignore -v -z --stdin [42ms]
2023-09-17 08:31:26.459 [info] > git check-ignore -v -z --stdin [42ms]
2023-09-17 08:31:27.096 [info] > git check-ignore -v -z --stdin [44ms]
2023-09-17 08:31:29.775 [info] > git rev-parse --show-toplevel [67ms]
2023-09-17 08:31:29.775 [info] fatal: Not a git repository (or any of the parent directories): .git
2023-09-17 08:31:29.822 [info] > git rev-parse --show-toplevel [26ms]
2023-09-17 08:31:29.822 [info] fatal: Not a git repository (or any of the parent directories): .git
2023-09-17 08:31:29.999 [info] > git show --textconv :include/lib/kernel/list.h [42ms]
2023-09-17 08:31:30.005 [info] > git ls-files --stage -- /root/pintos-kaist/include/lib/kernel/list.h [25ms]
2023-09-17 08:31:30.044 [info] > git cat-file -s 92628c5972d60697e634d1f9eb43ab27c7cca0ff [26ms]
2023-09-17 08:38:50.514 [info] > git check-ignore -v -z --stdin [29ms]
2023-09-17 08:38:52.648 [info] > git rev-parse --show-toplevel [119ms]
2023-09-17 08:38:52.648 [info] fatal: Not a git repository (or any of the parent directories): .git
2023-09-17 08:38:52.697 [info] > git rev-parse --show-toplevel [25ms]
2023-09-17 08:38:52.698 [info] fatal: Not a git repository (or any of the parent directories): .git
2023-09-17 08:38:52.778 [info] > git show --textconv :include/devices/timer.h [41ms]
2023-09-17 08:38:52.788 [info] > git ls-files --stage -- /root/pintos-kaist/include/devices/timer.h [30ms]
2023-09-17 08:38:52.832 [info] > git cat-file -s 45a3f72e1127cd02f97b79d995277bec67a0812f [28ms]
2023-09-17 08:38:58.590 [info] > git rev-parse --show-toplevel [64ms]
2023-09-17 08:38:58.591 [info] fatal: Not a git repository (or any of the parent directories): .git
2023-09-17 08:38:58.671 [info] > git rev-parse --show-toplevel [50ms]
2023-09-17 08:38:58.671 [info] fatal: Not a git repository (or any of the parent directories): .git
2023-09-17 08:38:58.801 [info] > git show --textconv :devices/timer.c [49ms]
2023-09-17 08:38:58.813 [info] > git ls-files --stage -- /root/pintos-kaist/devices/timer.c [37ms]
2023-09-17 08:38:58.858 [info] > git cat-file -s 796f5a856c7a3476cfbe7cc7bb7dc88a2b526d4f [29ms]
2023-09-17 08:48:31.257 [info] > git for-each-ref --sort -committerdate --format %(refname) %(objectname) %(*objectname) [61ms]
2023-09-17 08:48:31.275 [info] > git status -z -uall [86ms]
2023-09-17 08:48:31.282 [info] > git config --get commit.template [58ms]
2023-09-17 08:48:31.292 [info] > git remote --verbose [116ms]
2023-09-17 08:48:31.354 [info] > git for-each-ref --format=%(refname)%00%(upstream:short)%00%(objectname)%00%(upstream:track) refs/heads/master refs/remotes/master [35ms]
2023-09-17 08:48:45.819 [info] > git remote --verbose [40ms]
2023-09-17 08:48:45.824 [info] > git for-each-ref --sort -committerdate --format %(refname) %(objectname) %(*objectname) [73ms]
2023-09-17 08:48:45.835 [info] > git config --get commit.template [34ms]
2023-09-17 08:48:45.855 [info] > git status -z -uall [74ms]
2023-09-17 08:48:45.881 [info] > git for-each-ref --format=%(refname)%00%(upstream:short)%00%(objectname)%00%(upstream:track) refs/heads/master refs/remotes/master [29ms]
2023-09-17 08:49:43.878 [info] > git for-each-ref --sort -committerdate --format %(refname) %(objectname) %(*objectname) [58ms]
2023-09-17 08:49:43.890 [info] > git status -z -uall [82ms]
2023-09-17 08:49:43.896 [info] > git config --get commit.template [56ms]
2023-09-17 08:49:43.905 [info] > git remote --verbose [112ms]
2023-09-17 08:49:43.963 [info] > git for-each-ref --format=%(refname)%00%(upstream:short)%00%(objectname)%00%(upstream:track) refs/heads/master refs/remotes/master [34ms]
2023-09-17 08:49:51.610 [info] > git remote --verbose [37ms]
2023-09-17 08:49:51.614 [info] > git for-each-ref --sort -committerdate --format %(refname) %(objectname) %(*objectname) [58ms]
2023-09-17 08:49:51.640 [info] > git status -z -uall [53ms]
2023-09-17 08:49:51.645 [info] > git config --get commit.template [36ms]
2023-09-17 08:49:51.669 [info] > git for-each-ref --format=%(refname)%00%(upstream:short)%00%(objectname)%00%(upstream:track) refs/heads/master refs/remotes/master [32ms]
2023-09-17 08:50:47.135 [info] > git rev-parse --show-toplevel [22ms]
2023-09-17 08:50:47.135 [info] fatal: Not a git repository (or any of the parent directories): .git
2023-09-17 08:50:47.171 [info] > git rev-parse --show-toplevel [16ms]
2023-09-17 08:50:47.171 [info] fatal: Not a git repository (or any of the parent directories): .git
2023-09-17 08:50:47.315 [info] > git show --textconv :lib/kernel/list.c [53ms]
2023-09-17 08:50:47.331 [info] > git ls-files --stage -- /root/pintos-kaist/lib/kernel/list.c [41ms]
2023-09-17 08:50:47.376 [info] > git cat-file -s e8ff3b9ef7d0457f9abb19d36ccb149edb9e33f5 [27ms]
2023-09-17 08:51:07.510 [info] > git rev-parse --show-toplevel [23ms]
2023-09-17 08:51:07.510 [info] fatal: Not a git repository (or any of the parent directories): .git
2023-09-17 08:51:07.545 [info] > git rev-parse --show-toplevel [19ms]
2023-09-17 08:51:07.545 [info] fatal: Not a git repository (or any of the parent directories): .git
2023-09-17 08:51:07.714 [info] > git show --textconv :include/lib/kernel/list.h [62ms]
2023-09-17 08:51:07.734 [info] > git ls-files --stage -- /root/pintos-kaist/include/lib/kernel/list.h [54ms]
2023-09-17 08:51:07.785 [info] > git cat-file -s 92628c5972d60697e634d1f9eb43ab27c7cca0ff [29ms]
2023-09-17 08:54:34.706 [info] > git check-ignore -v -z --stdin [26ms]
2023-09-17 08:54:40.764 [info] > git rev-parse --show-toplevel [20ms]
2023-09-17 08:54:40.764 [info] fatal: Not a git repository (or any of the parent directories): .git
2023-09-17 08:54:40.799 [info] > git rev-parse --show-toplevel [16ms]
2023-09-17 08:54:40.799 [info] fatal: Not a git repository (or any of the parent directories): .git
2023-09-17 08:54:43.033 [info] > git rev-parse --show-toplevel [26ms]
2023-09-17 08:54:43.033 [info] fatal: Not a git repository (or any of the parent directories): .git
2023-09-17 08:54:43.109 [info] > git rev-parse --show-toplevel [63ms]
2023-09-17 08:54:43.110 [info] fatal: Not a git repository (or any of the parent directories): .git
2023-09-17 08:54:43.132 [info] > git show --textconv :include/lib/kernel/list.h [50ms]
2023-09-17 08:54:43.142 [info] > git ls-files --stage -- /root/pintos-kaist/include/lib/kernel/list.h [34ms]
2023-09-17 08:54:43.186 [info] > git cat-file -s 92628c5972d60697e634d1f9eb43ab27c7cca0ff [28ms]
2023-09-17 08:55:10.350 [info] > git check-ignore -v -z --stdin [31ms]
2023-09-17 08:55:16.653 [info] > git check-ignore -v -z --stdin [35ms]
2023-09-17 08:55:35.065 [info] > git check-ignore -v -z --stdin [26ms]
2023-09-17 08:55:36.102 [info] > git check-ignore -v -z --stdin [45ms]
2023-09-17 08:55:39.145 [info] > git rev-parse --show-toplevel [48ms]
2023-09-17 08:55:39.145 [info] fatal: Not a git repository (or any of the parent directories): .git
2023-09-17 08:55:39.187 [info] > git rev-parse --show-toplevel [20ms]
2023-09-17 08:55:39.187 [info] fatal: Not a git repository (or any of the parent directories): .git
2023-09-17 08:55:39.316 [info] > git show --textconv :include/threads/thread.h [39ms]
2023-09-17 08:55:39.329 [info] > git ls-files --stage -- /root/pintos-kaist/include/threads/thread.h [28ms]
2023-09-17 08:55:39.377 [info] > git cat-file -s 33b46e6f06fcff0d483392ac608ff680d8d2678d [28ms]
2023-09-17 08:57:07.816 [info] > git rev-parse --show-toplevel [24ms]
2023-09-17 08:57:07.816 [info] fatal: Not a git repository (or any of the parent directories): .git
2023-09-17 08:57:07.851 [info] > git rev-parse --show-toplevel [17ms]
2023-09-17 08:57:07.851 [info] fatal: Not a git repository (or any of the parent directories): .git
2023-09-17 08:57:07.980 [info] > git show --textconv :lib/kernel/list.c [45ms]
2023-09-17 08:57:08.001 [info] > git ls-files --stage -- /root/pintos-kaist/lib/kernel/list.c [37ms]
2023-09-17 08:57:08.040 [info] > git cat-file -s e8ff3b9ef7d0457f9abb19d36ccb149edb9e33f5 [27ms]
2023-09-17 08:57:44.889 [info] > git rev-parse --show-toplevel [26ms]
2023-09-17 08:57:44.889 [info] fatal: Not a git repository (or any of the parent directories): .git
2023-09-17 08:57:44.922 [info] > git rev-parse --show-toplevel [17ms]
2023-09-17 08:57:44.922 [info] fatal: Not a git repository (or any of the parent directories): .git
2023-09-17 08:57:45.048 [info] > git show --textconv :include/lib/kernel/list.h [41ms]
2023-09-17 08:57:45.058 [info] > git ls-files --stage -- /root/pintos-kaist/include/lib/kernel/list.h [34ms]
2023-09-17 08:57:45.099 [info] > git cat-file -s 92628c5972d60697e634d1f9eb43ab27c7cca0ff [28ms]
2023-09-17 10:24:08.546 [info] > git rev-parse --show-toplevel [17ms]
2023-09-17 10:24:08.547 [info] fatal: Not a git repository (or any of the parent directories): .git
2023-09-17 10:24:08.589 [info] > git rev-parse --show-toplevel [20ms]
2023-09-17 10:24:08.589 [info] fatal: Not a git repository (or any of the parent directories): .git
2023-09-17 10:24:08.661 [info] > git show --textconv :threads/thread.c [39ms]
2023-09-17 10:24:08.671 [info] > git ls-files --stage -- /root/pintos-kaist/threads/thread.c [29ms]
2023-09-17 10:24:08.709 [info] > git cat-file -s 5ce83504347913ac3a08e22c325c9707c4801c45 [24ms]
